<?xml version="1.0" encoding="UTF-8"?>
<!-- Generated by org.testng.reporters.JUnitReportReporter -->
<testsuite skipped="0" hostname="DESKTOP-NOBQL6Q" name="com.qa.hrm.TestCases.HomeTestCase" tests="2" failures="0" timestamp="2020-04-07T16:57:16 IST" time="56.512" errors="0">
  <testcase name="validateAdminJobTest" time="24.920" classname="com.qa.hrm.TestCases.HomeTestCase"/>
  <system-out/>
  <testcase name="ValidateAdminLinkTest" time="31.592" classname="com.qa.hrm.TestCases.HomeTestCase"/>
  <system-out/>
</testsuite> <!-- com.qa.hrm.TestCases.HomeTestCase -->
