<?xml version="1.0" encoding="UTF-8"?>
<!-- Generated by org.testng.reporters.JUnitReportReporter -->
<testsuite skipped="0" hostname="DESKTOP-NOBQL6Q" name="com.qa.hrm.pages.EditPage" tests="1" failures="0" timestamp="2020-04-05T00:03:03 IST" time="51.110" errors="0">
  <testcase name="EditPageTest" time="51.110" classname="com.qa.hrm.pages.EditPage"/>
  <system-out/>
</testsuite> <!-- com.qa.hrm.pages.EditPage -->
