<?xml version="1.0" encoding="UTF-8"?>
<!-- Generated by org.testng.reporters.JUnitReportReporter -->
<testsuite skipped="0" hostname="DESKTOP-NOBQL6Q" name="com.qa.hrm.TestCases.WorkShiftTestCase" tests="1" failures="0" timestamp="2020-04-07T16:57:16 IST" time="27.028" errors="0">
  <testcase name="JobTitleForm" time="27.028" classname="com.qa.hrm.TestCases.WorkShiftTestCase"/>
  <system-out/>
</testsuite> <!-- com.qa.hrm.TestCases.WorkShiftTestCase -->
