<?xml version="1.0" encoding="UTF-8"?>
<!-- Generated by org.testng.reporters.JUnitReportReporter -->
<testsuite skipped="0" hostname="DESKTOP-NOBQL6Q" name="com.qa.hrm.TestCases.JobPageTest" tests="2" failures="0" timestamp="2020-04-07T16:57:16 IST" time="58.885" errors="0">
  <testcase name="AddTitleTestCase" time="31.804" classname="com.qa.hrm.TestCases.JobPageTest"/>
  <system-out/>
  <testcase name="ValidateJobTitleCheckboxClick" time="27.081" classname="com.qa.hrm.TestCases.JobPageTest"/>
  <system-out/>
</testsuite> <!-- com.qa.hrm.TestCases.JobPageTest -->
