<?xml version="1.0" encoding="UTF-8"?>
<!-- Generated by org.testng.reporters.JUnitReportReporter -->
<testsuite skipped="0" hostname="DESKTOP-NOBQL6Q" name="com.qa.hrm.TestCases.LoginPageTest" tests="3" failures="0" timestamp="2020-04-07T16:57:16 IST" time="63.780" errors="0">
  <testcase name="ValidateTitleTest" time="19.196" classname="com.qa.hrm.TestCases.LoginPageTest"/>
  <system-out/>
  <testcase name="ValidateImageDisplay" time="19.088" classname="com.qa.hrm.TestCases.LoginPageTest"/>
  <system-out/>
  <testcase name="LoginTest" time="25.496" classname="com.qa.hrm.TestCases.LoginPageTest"/>
  <system-out/>
</testsuite> <!-- com.qa.hrm.TestCases.LoginPageTest -->
