<?xml version="1.0" encoding="UTF-8"?>
<!-- Generated by org.testng.reporters.JUnitReportReporter -->
<testsuite hostname="DESKTOP-NOBQL6Q" failures="0" tests="3" name="com.qa.hrm.TestCases.LoginPageTest" time="73.394" errors="0" timestamp="2020-04-07T19:47:47 IST" skipped="0">
  <testcase classname="com.qa.hrm.TestCases.LoginPageTest" name="ValidateTitleTest" time="23.625"/>
  <system-out/>
  <testcase classname="com.qa.hrm.TestCases.LoginPageTest" name="ValidateImageDisplay" time="24.044"/>
  <system-out/>
  <testcase classname="com.qa.hrm.TestCases.LoginPageTest" name="LoginTest" time="25.725"/>
  <system-out/>
</testsuite> <!-- com.qa.hrm.TestCases.LoginPageTest -->
