<?xml version="1.0" encoding="UTF-8"?>
<!-- Generated by org.testng.reporters.JUnitReportReporter -->
<testsuite hostname="DESKTOP-NOBQL6Q" failures="0" tests="1" name="com.qa.hrm.TestCases.WorkShiftTestCase" time="34.496" errors="0" timestamp="2020-04-07T19:47:47 IST" skipped="0">
  <testcase classname="com.qa.hrm.TestCases.WorkShiftTestCase" name="JobTitleForm" time="34.496"/>
  <system-out/>
</testsuite> <!-- com.qa.hrm.TestCases.WorkShiftTestCase -->
