<?xml version="1.0" encoding="UTF-8"?>
<!-- Generated by org.testng.reporters.JUnitReportReporter -->
<testsuite hostname="DESKTOP-NOBQL6Q" failures="0" tests="2" name="com.qa.hrm.TestCases.HomeTestCase" time="83.681" errors="0" timestamp="2020-04-07T19:47:47 IST" skipped="0">
  <testcase classname="com.qa.hrm.TestCases.HomeTestCase" name="validateAdminJobTest" time="50.784"/>
  <system-out/>
  <testcase classname="com.qa.hrm.TestCases.HomeTestCase" name="ValidateAdminLinkTest" time="32.897"/>
  <system-out/>
</testsuite> <!-- com.qa.hrm.TestCases.HomeTestCase -->
