<?xml version="1.0" encoding="UTF-8"?>
<!-- Generated by org.testng.reporters.JUnitReportReporter -->
<testsuite hostname="DESKTOP-NOBQL6Q" failures="0" tests="2" name="com.qa.hrm.TestCases.JobPageTest" time="61.440" errors="0" timestamp="2020-04-07T19:47:47 IST" skipped="0">
  <testcase classname="com.qa.hrm.TestCases.JobPageTest" name="AddTitleTestCase" time="31.180"/>
  <system-out/>
  <testcase classname="com.qa.hrm.TestCases.JobPageTest" name="ValidateJobTitleCheckboxClick" time="30.260"/>
  <system-out/>
</testsuite> <!-- com.qa.hrm.TestCases.JobPageTest -->
