<?xml version="1.0" encoding="UTF-8"?>
<!-- Generated by org.testng.reporters.JUnitReportReporter -->
<testsuite hostname="DESKTOP-NOBQL6Q" failures="0" tests="1" name="NewTest" time="0.000" errors="0" timestamp="2020-04-07T19:47:47 IST" skipped="0">
  <testcase classname="NewTest" name="f" time="0.000"/>
  <system-out/>
</testsuite> <!-- NewTest -->
